vite v6.3.5 building for production...
transforming...
✓ 3080 modules transformed.
✗ Build failed in 9.69s
error during build:
src/app/lib/ai/bg-removal.ts (8:7): "default" is not exported by "node_modules/@imgly/background-removal/dist/index.mjs", imported by "src/app/lib/ai/bg-removal.ts".
file: /Users/home/Desktop/BLACKRUBY/AdRuby/src/app/lib/ai/bg-removal.ts:8:7

 6: 
 7: // Define the interface for the library configuration if necessary
 8: import imglyRemoveBackground, { Config } from '@imgly/background-removal';
           ^
 9: 
10: /**

    at getRollupError (file:///Users/home/Desktop/BLACKRUBY/AdRuby/node_modules/rollup/dist/es/shared/parseAst.js:401:41)
    at error (file:///Users/home/Desktop/BLACKRUBY/AdRuby/node_modules/rollup/dist/es/shared/parseAst.js:397:42)
    at Module.error (file:///Users/home/Desktop/BLACKRUBY/AdRuby/node_modules/rollup/dist/es/shared/node-entry.js:16994:16)
    at Module.traceVariable (file:///Users/home/Desktop/BLACKRUBY/AdRuby/node_modules/rollup/dist/es/shared/node-entry.js:17450:29)
    at ModuleScope.findVariable (file:///Users/home/Desktop/BLACKRUBY/AdRuby/node_modules/rollup/dist/es/shared/node-entry.js:15113:39)
    at FunctionScope.findVariable (file:///Users/home/Desktop/BLACKRUBY/AdRuby/node_modules/rollup/dist/es/shared/node-entry.js:5674:38)
    at FunctionBodyScope.findVariable (file:///Users/home/Desktop/BLACKRUBY/AdRuby/node_modules/rollup/dist/es/shared/node-entry.js:5674:38)
    at BlockScope.findVariable (file:///Users/home/Desktop/BLACKRUBY/AdRuby/node_modules/rollup/dist/es/shared/node-entry.js:5674:38)
    at Identifier.bind (file:///Users/home/Desktop/BLACKRUBY/AdRuby/node_modules/rollup/dist/es/shared/node-entry.js:5448:40)
    at CallExpression.bind (file:///Users/home/Desktop/BLACKRUBY/AdRuby/node_modules/rollup/dist/es/shared/node-entry.js:2817:23)
